

Version:	3.50
CmdLine:	C:\Users\Guest Mode\Desktop\LookingTel.exe --l4j-debug
JNI:		No
WOW64:		Yes
Create mutex:	LookingTel
Working dir:	C:\Users\Guest Mode\Desktop\.
Requires JDK:	No
Requires 64-Bit: Yes
Java min ver:	1.000.000
Java max ver:	1.008.000
Substitute:	JAVA_HOME = 
Substitute:	PATH = C:\Program Files\Common Files\Oracle\Java\javapath;C:\Program Files (x86)\Common Files\Oracle\Java\javapath;C:\Javalib;C:\oraclexe\app\oracle\product\11.2.0\server\bin;C:\Program Files (x86)\Intel\Intel(R) Management Engine Components\iCLS\;C:\Program Files\Intel\Intel(R) Management Engine Components\iCLS\;C:\Windows\system32;C:\Windows;C:\Windows\System32\Wbem;C:\Windows\System32\WindowsPowerShell\v1.0\;C:\Windows\System32\OpenSSH\;C:\Program Files (x86)\Intel\Intel(R) Management Engine Components\DAL;C:\Program Files\Intel\Intel(R) Management Engine Components\DAL;C:\Program Files (x86)\Intel\Intel(R) Management Engine Components\IPT;C:\Program Files\Intel\Intel(R) Management Engine Components\IPT;C:\Program Files\Intel\WiFi\bin\;C:\Program Files\Common Files\Intel\WirelessCommon\;C:\Program Files\NVIDIA Corporation\NVIDIA NvDLISR;C:\Program Files (x86)\NVIDIA Corporation\PhysX\Common;C:\Program Files\PuTTY\;C:\Javalib\antlr.bat;C:\Javalib\grun.bat;C:\Javalib\Hello.g4;C:\Javalib\Exp.g4;C:\Program Files\Java\jdk-11.0.7\bin;C:\adb\platform-tools;C:\WINDOWS\system32;C:\WINDOWS;C:\WINDOWS\System32\Wbem;C:\WINDOWS\System32\WindowsPowerShell\v1.0\;C:\WINDOWS\System32\OpenSSH\;C:\Program Files\sfdx\bin;C:\Program Files\Microsoft SQL Server\150\Tools\Binn\;C:\Program Files\dotnet\;C:\Program Files\Microsoft SQL Server\130\Tools\Binn\;C:\Program Files\Microsoft SQL Server\Client SDK\ODBC\170\Tools\Binn\;C:\Program Files (x86)\Microsoft SQL Server\150\DTS\Binn\;C:\Program Files\Azure Data Studio\bin;C:\Program Files\Amazon\AWSCLIV2\;C:\WINDOWS\system32;C:\WINDOWS;C:\WINDOWS\System32\Wbem;C:\WINDOWS\System32\WindowsPowerShell\v1.0\;C:\WINDOWS\System32\OpenSSH\;C:\Program Files\Docker\Docker\resources\bin;C:\Users\Guest Mode\AppData\Local\Programs\Python\Python39\Scripts\;C:\Users\Guest Mode\AppData\Local\Programs\Python\Python39\;C:\Program Files\iPod;C:\Users\Guest Mode\AppData\Local\Programs\Microsoft VS Code\bin;C:\Program Files\Java\jdk-11.0.7\bin
JRE paths:	;C:\Program Files\Common Files\Oracle\Java\javapath;C:\Program Files (x86)\Common Files\Oracle\Java\javapath;C:\Javalib;C:\oraclexe\app\oracle\product\11.2.0\server\bin;C:\Program Files (x86)\Intel\Intel(R) Management Engine Components\iCLS\;C:\Program Files\Intel\Intel(R) Management Engine Components\iCLS\;C:\Windows\system32;C:\Windows;C:\Windows\System32\Wbem;C:\Windows\System32\WindowsPowerShell\v1.0\;C:\Windows\System32\OpenSSH\;C:\Program Files (x86)\Intel\Intel(R) Management Engine Components\DAL;C:\Program Files\Intel\Intel(R) Management Engine Components\DAL;C:\Program Files (x86)\Intel\Intel(R) Management Engine Components\IPT;C:\Program Files\Intel\Intel(R) Management Engine Components\IPT;C:\Program Files\Intel\WiFi\bin\;C:\Program Files\Common Files\Intel\WirelessCommon\;C:\Program Files\NVIDIA Corporation\NVIDIA NvDLISR;C:\Program Files (x86)\NVIDIA Corporation\PhysX\Common;C:\Program Files\PuTTY\;C:\Javalib\antlr.bat;C:\Javalib\grun.bat;C:\Javalib\Hello.g4;C:\Javalib\Exp.g4;C:\Program Files\Java\jdk-11.0.7\bin;C:\adb\platform-tools;C:\WINDOWS\system32;C:\WINDOWS;C:\WINDOWS\System32\Wbem;C:\WINDOWS\System32\WindowsPowerShell\v1.0\;C:\WINDOWS\System32\OpenSSH\;C:\Program Files\sfdx\bin;C:\Program Files\Microsoft SQL Server\150\Tools\Binn\;C:\Program Files\dotnet\;C:\Program Files\Microsoft SQL Server\130\Tools\Binn\;C:\Program Files\Microsoft SQL Server\Client SDK\ODBC\170\Tools\Binn\;C:\Program Files (x86)\Microsoft SQL Server\150\DTS\Binn\;C:\Program Files\Azure Data Studio\bin;C:\Program Files\Amazon\AWSCLIV2\;C:\WINDOWS\system32;C:\WINDOWS;C:\WINDOWS\System32\Wbem;C:\WINDOWS\System32\WindowsPowerShell\v1.0\;C:\WINDOWS\System32\OpenSSH\;C:\Program Files\Docker\Docker\resources\bin;C:\Users\Guest Mode\AppData\Local\Programs\Python\Python39\Scripts\;C:\Users\Guest Mode\AppData\Local\Programs\Python\Python39\;C:\Program Files\iPod;C:\Users\Guest Mode\AppData\Local\Programs\Microsoft VS Code\bin;C:\Program Files\Java\jdk-11.0.7\bin
Check launcher:	C:\Program Files\Common Files\Oracle\Java\javapath\bin\javaw.exe (not found)
Check launcher:	C:\Program Files (x86)\Common Files\Oracle\Java\javapath\bin\javaw.exe (not found)
Check launcher:	C:\Javalib\bin\javaw.exe (not found)
Check launcher:	C:\oraclexe\app\oracle\product\11.2.0\server\bin\javaw.exe (not found)
Check launcher:	C:\Program Files (x86)\Intel\Intel(R) Management Engine Components\iCLS\bin\javaw.exe (not found)
Check launcher:	C:\Program Files\Intel\Intel(R) Management Engine Components\iCLS\bin\javaw.exe (not found)
Check launcher:	C:\Windows\system32\bin\javaw.exe (not found)
Check launcher:	C:\Windows\bin\javaw.exe (not found)
Check launcher:	C:\Windows\System32\Wbem\bin\javaw.exe (not found)
Check launcher:	C:\Windows\System32\WindowsPowerShell\v1.0\bin\javaw.exe (not found)
Check launcher:	C:\Windows\System32\OpenSSH\bin\javaw.exe (not found)
Check launcher:	C:\Program Files (x86)\Intel\Intel(R) Management Engine Components\DAL\bin\javaw.exe (not found)
Check launcher:	C:\Program Files\Intel\Intel(R) Management Engine Components\DAL\bin\javaw.exe (not found)
Check launcher:	C:\Program Files (x86)\Intel\Intel(R) Management Engine Components\IPT\bin\javaw.exe (not found)
Check launcher:	C:\Program Files\Intel\Intel(R) Management Engine Components\IPT\bin\javaw.exe (not found)
Check launcher:	C:\Program Files\Intel\WiFi\bin\bin\javaw.exe (not found)
Check launcher:	C:\Program Files\Common Files\Intel\WirelessCommon\bin\javaw.exe (not found)
Check launcher:	C:\Program Files\NVIDIA Corporation\NVIDIA NvDLISR\bin\javaw.exe (not found)
Check launcher:	C:\Program Files (x86)\NVIDIA Corporation\PhysX\Common\bin\javaw.exe (not found)
Check launcher:	C:\Program Files\PuTTY\bin\javaw.exe (not found)
Check launcher:	C:\Javalib\antlr.bat\bin\javaw.exe (not found)
Check launcher:	C:\Javalib\grun.bat\bin\javaw.exe (not found)
Check launcher:	C:\Javalib\Hello.g4\bin\javaw.exe (not found)
Check launcher:	C:\Javalib\Exp.g4\bin\javaw.exe (not found)
Check launcher:	C:\Program Files\Java\jdk-11.0.7\bin\javaw.exe (OK)
Version string: 1.011.000_007 / 64-Bit (Ignore)
Check launcher:	C:\adb\platform-tools\bin\javaw.exe (not found)
Check launcher:	C:\WINDOWS\system32\bin\javaw.exe (not found)
Check launcher:	C:\WINDOWS\bin\javaw.exe (not found)
Check launcher:	C:\WINDOWS\System32\Wbem\bin\javaw.exe (not found)
Check launcher:	C:\WINDOWS\System32\WindowsPowerShell\v1.0\bin\javaw.exe (not found)
Check launcher:	C:\WINDOWS\System32\OpenSSH\bin\javaw.exe (not found)
Check launcher:	C:\Program Files\sfdx\bin\javaw.exe (not found)
Check launcher:	C:\Program Files\Microsoft SQL Server\150\Tools\Binn\bin\javaw.exe (not found)
Check launcher:	C:\Program Files\dotnet\bin\javaw.exe (not found)
Check launcher:	C:\Program Files\Microsoft SQL Server\130\Tools\Binn\bin\javaw.exe (not found)
Check launcher:	C:\Program Files\Microsoft SQL Server\Client SDK\ODBC\170\Tools\Binn\bin\javaw.exe (not found)
Check launcher:	C:\Program Files (x86)\Microsoft SQL Server\150\DTS\Binn\bin\javaw.exe (not found)
Check launcher:	C:\Program Files\Azure Data Studio\bin\javaw.exe (not found)
Check launcher:	C:\Program Files\Amazon\AWSCLIV2\bin\javaw.exe (not found)
Check launcher:	C:\WINDOWS\system32\bin\javaw.exe (not found)
Check launcher:	C:\WINDOWS\bin\javaw.exe (not found)
Check launcher:	C:\WINDOWS\System32\Wbem\bin\javaw.exe (not found)
Check launcher:	C:\WINDOWS\System32\WindowsPowerShell\v1.0\bin\javaw.exe (not found)
Check launcher:	C:\WINDOWS\System32\OpenSSH\bin\javaw.exe (not found)
Check launcher:	C:\Program Files\Docker\Docker\resources\bin\javaw.exe (not found)
Check launcher:	C:\Users\Guest Mode\AppData\Local\Programs\Python\Python39\Scripts\bin\javaw.exe (not found)
Check launcher:	C:\Users\Guest Mode\AppData\Local\Programs\Python\Python39\bin\javaw.exe (not found)
Check launcher:	C:\Program Files\iPod\bin\javaw.exe (not found)
Check launcher:	C:\Users\Guest Mode\AppData\Local\Programs\Microsoft VS Code\bin\javaw.exe (not found)
Check launcher:	C:\Program Files\Java\jdk-11.0.7\bin\javaw.exe (OK)
Version string: 1.011.000_007 / 64-Bit (Ignore)
64-bit search:	SOFTWARE\JavaSoft\Java Runtime Environment...
Check:		SOFTWARE\JavaSoft\Java Runtime Environment\1.8
Version string: 1.008.000 / 64-Bit (OK)
Check launcher:	C:\Program Files\Java\jre1.8.0_351\bin\javaw.exe (OK)
Match:		1.008.000
Runtime used:	1.008.000 (64-bit)
Heap -Xms:	Requested 256 MB / 0%, Available: 7365 MB, Heap size: 256 MB
Heap -Xmx:	Requested 1024 MB / 0%, Available: 7365 MB, Heap size: 1024 MB
Main class:	its.lookingtel.LOADING_SCREEN
Info:		Classpath not defined.
Launcher:	C:\Program Files\Java\jre1.8.0_351\bin\javaw.exe
Launcher args:	-Xms256m -Xmx1024m -classpath "C:\Users\Guest Mode\Desktop\LookingTel.exe" its.lookingtel.LOADING_SCREEN
Args length:	104/32768 chars
Exit code:	0


Version:	3.50
CmdLine:	C:\Users\Guest Mode\Desktop\LookingTel.exe --l4j-debug
JNI:		No
WOW64:		Yes
Create mutex:	LookingTel
Working dir:	C:\Users\Guest Mode\Desktop\.
Requires JDK:	No
Requires 64-Bit: Yes
Java min ver:	1.000.000
Java max ver:	1.008.000
Substitute:	JAVA_HOME = 
Substitute:	PATH = C:\Program Files\Common Files\Oracle\Java\javapath;C:\Program Files (x86)\Common Files\Oracle\Java\javapath;C:\Javalib;C:\oraclexe\app\oracle\product\11.2.0\server\bin;C:\Program Files (x86)\Intel\Intel(R) Management Engine Components\iCLS\;C:\Program Files\Intel\Intel(R) Management Engine Components\iCLS\;C:\Windows\system32;C:\Windows;C:\Windows\System32\Wbem;C:\Windows\System32\WindowsPowerShell\v1.0\;C:\Windows\System32\OpenSSH\;C:\Program Files (x86)\Intel\Intel(R) Management Engine Components\DAL;C:\Program Files\Intel\Intel(R) Management Engine Components\DAL;C:\Program Files (x86)\Intel\Intel(R) Management Engine Components\IPT;C:\Program Files\Intel\Intel(R) Management Engine Components\IPT;C:\Program Files\Intel\WiFi\bin\;C:\Program Files\Common Files\Intel\WirelessCommon\;C:\Program Files\NVIDIA Corporation\NVIDIA NvDLISR;C:\Program Files (x86)\NVIDIA Corporation\PhysX\Common;C:\Program Files\PuTTY\;C:\Javalib\antlr.bat;C:\Javalib\grun.bat;C:\Javalib\Hello.g4;C:\Javalib\Exp.g4;C:\Program Files\Java\jdk-11.0.7\bin;C:\adb\platform-tools;C:\WINDOWS\system32;C:\WINDOWS;C:\WINDOWS\System32\Wbem;C:\WINDOWS\System32\WindowsPowerShell\v1.0\;C:\WINDOWS\System32\OpenSSH\;C:\Program Files\sfdx\bin;C:\Program Files\Microsoft SQL Server\150\Tools\Binn\;C:\Program Files\dotnet\;C:\Program Files\Microsoft SQL Server\130\Tools\Binn\;C:\Program Files\Microsoft SQL Server\Client SDK\ODBC\170\Tools\Binn\;C:\Program Files (x86)\Microsoft SQL Server\150\DTS\Binn\;C:\Program Files\Azure Data Studio\bin;C:\Program Files\Amazon\AWSCLIV2\;C:\WINDOWS\system32;C:\WINDOWS;C:\WINDOWS\System32\Wbem;C:\WINDOWS\System32\WindowsPowerShell\v1.0\;C:\WINDOWS\System32\OpenSSH\;C:\Program Files\Docker\Docker\resources\bin;C:\Users\Guest Mode\AppData\Local\Programs\Python\Python39\Scripts\;C:\Users\Guest Mode\AppData\Local\Programs\Python\Python39\;C:\Program Files\iPod;C:\Users\Guest Mode\AppData\Local\Programs\Microsoft VS Code\bin;C:\Program Files\Java\jdk-11.0.7\bin
JRE paths:	;C:\Program Files\Common Files\Oracle\Java\javapath;C:\Program Files (x86)\Common Files\Oracle\Java\javapath;C:\Javalib;C:\oraclexe\app\oracle\product\11.2.0\server\bin;C:\Program Files (x86)\Intel\Intel(R) Management Engine Components\iCLS\;C:\Program Files\Intel\Intel(R) Management Engine Components\iCLS\;C:\Windows\system32;C:\Windows;C:\Windows\System32\Wbem;C:\Windows\System32\WindowsPowerShell\v1.0\;C:\Windows\System32\OpenSSH\;C:\Program Files (x86)\Intel\Intel(R) Management Engine Components\DAL;C:\Program Files\Intel\Intel(R) Management Engine Components\DAL;C:\Program Files (x86)\Intel\Intel(R) Management Engine Components\IPT;C:\Program Files\Intel\Intel(R) Management Engine Components\IPT;C:\Program Files\Intel\WiFi\bin\;C:\Program Files\Common Files\Intel\WirelessCommon\;C:\Program Files\NVIDIA Corporation\NVIDIA NvDLISR;C:\Program Files (x86)\NVIDIA Corporation\PhysX\Common;C:\Program Files\PuTTY\;C:\Javalib\antlr.bat;C:\Javalib\grun.bat;C:\Javalib\Hello.g4;C:\Javalib\Exp.g4;C:\Program Files\Java\jdk-11.0.7\bin;C:\adb\platform-tools;C:\WINDOWS\system32;C:\WINDOWS;C:\WINDOWS\System32\Wbem;C:\WINDOWS\System32\WindowsPowerShell\v1.0\;C:\WINDOWS\System32\OpenSSH\;C:\Program Files\sfdx\bin;C:\Program Files\Microsoft SQL Server\150\Tools\Binn\;C:\Program Files\dotnet\;C:\Program Files\Microsoft SQL Server\130\Tools\Binn\;C:\Program Files\Microsoft SQL Server\Client SDK\ODBC\170\Tools\Binn\;C:\Program Files (x86)\Microsoft SQL Server\150\DTS\Binn\;C:\Program Files\Azure Data Studio\bin;C:\Program Files\Amazon\AWSCLIV2\;C:\WINDOWS\system32;C:\WINDOWS;C:\WINDOWS\System32\Wbem;C:\WINDOWS\System32\WindowsPowerShell\v1.0\;C:\WINDOWS\System32\OpenSSH\;C:\Program Files\Docker\Docker\resources\bin;C:\Users\Guest Mode\AppData\Local\Programs\Python\Python39\Scripts\;C:\Users\Guest Mode\AppData\Local\Programs\Python\Python39\;C:\Program Files\iPod;C:\Users\Guest Mode\AppData\Local\Programs\Microsoft VS Code\bin;C:\Program Files\Java\jdk-11.0.7\bin
Check launcher:	C:\Program Files\Common Files\Oracle\Java\javapath\bin\javaw.exe (not found)
Check launcher:	C:\Program Files (x86)\Common Files\Oracle\Java\javapath\bin\javaw.exe (not found)
Check launcher:	C:\Javalib\bin\javaw.exe (not found)
Check launcher:	C:\oraclexe\app\oracle\product\11.2.0\server\bin\javaw.exe (not found)
Check launcher:	C:\Program Files (x86)\Intel\Intel(R) Management Engine Components\iCLS\bin\javaw.exe (not found)
Check launcher:	C:\Program Files\Intel\Intel(R) Management Engine Components\iCLS\bin\javaw.exe (not found)
Check launcher:	C:\Windows\system32\bin\javaw.exe (not found)
Check launcher:	C:\Windows\bin\javaw.exe (not found)
Check launcher:	C:\Windows\System32\Wbem\bin\javaw.exe (not found)
Check launcher:	C:\Windows\System32\WindowsPowerShell\v1.0\bin\javaw.exe (not found)
Check launcher:	C:\Windows\System32\OpenSSH\bin\javaw.exe (not found)
Check launcher:	C:\Program Files (x86)\Intel\Intel(R) Management Engine Components\DAL\bin\javaw.exe (not found)
Check launcher:	C:\Program Files\Intel\Intel(R) Management Engine Components\DAL\bin\javaw.exe (not found)
Check launcher:	C:\Program Files (x86)\Intel\Intel(R) Management Engine Components\IPT\bin\javaw.exe (not found)
Check launcher:	C:\Program Files\Intel\Intel(R) Management Engine Components\IPT\bin\javaw.exe (not found)
Check launcher:	C:\Program Files\Intel\WiFi\bin\bin\javaw.exe (not found)
Check launcher:	C:\Program Files\Common Files\Intel\WirelessCommon\bin\javaw.exe (not found)
Check launcher:	C:\Program Files\NVIDIA Corporation\NVIDIA NvDLISR\bin\javaw.exe (not found)
Check launcher:	C:\Program Files (x86)\NVIDIA Corporation\PhysX\Common\bin\javaw.exe (not found)
Check launcher:	C:\Program Files\PuTTY\bin\javaw.exe (not found)
Check launcher:	C:\Javalib\antlr.bat\bin\javaw.exe (not found)
Check launcher:	C:\Javalib\grun.bat\bin\javaw.exe (not found)
Check launcher:	C:\Javalib\Hello.g4\bin\javaw.exe (not found)
Check launcher:	C:\Javalib\Exp.g4\bin\javaw.exe (not found)
Check launcher:	C:\Program Files\Java\jdk-11.0.7\bin\javaw.exe (OK)
Version string: 1.011.000_007 / 64-Bit (Ignore)
Check launcher:	C:\adb\platform-tools\bin\javaw.exe (not found)
Check launcher:	C:\WINDOWS\system32\bin\javaw.exe (not found)
Check launcher:	C:\WINDOWS\bin\javaw.exe (not found)
Check launcher:	C:\WINDOWS\System32\Wbem\bin\javaw.exe (not found)
Check launcher:	C:\WINDOWS\System32\WindowsPowerShell\v1.0\bin\javaw.exe (not found)
Check launcher:	C:\WINDOWS\System32\OpenSSH\bin\javaw.exe (not found)
Check launcher:	C:\Program Files\sfdx\bin\javaw.exe (not found)
Check launcher:	C:\Program Files\Microsoft SQL Server\150\Tools\Binn\bin\javaw.exe (not found)
Check launcher:	C:\Program Files\dotnet\bin\javaw.exe (not found)
Check launcher:	C:\Program Files\Microsoft SQL Server\130\Tools\Binn\bin\javaw.exe (not found)
Check launcher:	C:\Program Files\Microsoft SQL Server\Client SDK\ODBC\170\Tools\Binn\bin\javaw.exe (not found)
Check launcher:	C:\Program Files (x86)\Microsoft SQL Server\150\DTS\Binn\bin\javaw.exe (not found)
Check launcher:	C:\Program Files\Azure Data Studio\bin\javaw.exe (not found)
Check launcher:	C:\Program Files\Amazon\AWSCLIV2\bin\javaw.exe (not found)
Check launcher:	C:\WINDOWS\system32\bin\javaw.exe (not found)
Check launcher:	C:\WINDOWS\bin\javaw.exe (not found)
Check launcher:	C:\WINDOWS\System32\Wbem\bin\javaw.exe (not found)
Check launcher:	C:\WINDOWS\System32\WindowsPowerShell\v1.0\bin\javaw.exe (not found)
Check launcher:	C:\WINDOWS\System32\OpenSSH\bin\javaw.exe (not found)
Check launcher:	C:\Program Files\Docker\Docker\resources\bin\javaw.exe (not found)
Check launcher:	C:\Users\Guest Mode\AppData\Local\Programs\Python\Python39\Scripts\bin\javaw.exe (not found)
Check launcher:	C:\Users\Guest Mode\AppData\Local\Programs\Python\Python39\bin\javaw.exe (not found)
Check launcher:	C:\Program Files\iPod\bin\javaw.exe (not found)
Check launcher:	C:\Users\Guest Mode\AppData\Local\Programs\Microsoft VS Code\bin\javaw.exe (not found)
Check launcher:	C:\Program Files\Java\jdk-11.0.7\bin\javaw.exe (OK)
Version string: 1.011.000_007 / 64-Bit (Ignore)
64-bit search:	SOFTWARE\JavaSoft\Java Runtime Environment...
Check:		SOFTWARE\JavaSoft\Java Runtime Environment\1.8
Version string: 1.008.000 / 64-Bit (OK)
Check launcher:	C:\Program Files\Java\jre1.8.0_351\bin\javaw.exe (OK)
Match:		1.008.000
Runtime used:	1.008.000 (64-bit)
Heap -Xms:	Requested 256 MB / 0%, Available: 6817 MB, Heap size: 256 MB
Heap -Xmx:	Requested 1024 MB / 0%, Available: 6817 MB, Heap size: 1024 MB
Main class:	its.lookingtel.LOADING_SCREEN
Info:		Classpath not defined.
Launcher:	C:\Program Files\Java\jre1.8.0_351\bin\javaw.exe
Launcher args:	-Xms256m -Xmx1024m -classpath "C:\Users\Guest Mode\Desktop\LookingTel.exe" its.lookingtel.LOADING_SCREEN
Args length:	104/32768 chars
Exit code:	0


Version:	3.50
CmdLine:	C:\Users\Guest Mode\Desktop\LookingTel.exe --l4j-debug
JNI:		No
WOW64:		Yes
Create mutex:	LookingTel
Working dir:	C:\Users\Guest Mode\Desktop\.
Requires JDK:	No
Requires 64-Bit: Yes
Java min ver:	1.000.000
Java max ver:	1.005.000
Substitute:	JAVA_HOME = 
Substitute:	PATH = C:\Program Files\Common Files\Oracle\Java\javapath;C:\Program Files (x86)\Common Files\Oracle\Java\javapath;C:\Javalib;C:\oraclexe\app\oracle\product\11.2.0\server\bin;C:\Program Files (x86)\Intel\Intel(R) Management Engine Components\iCLS\;C:\Program Files\Intel\Intel(R) Management Engine Components\iCLS\;C:\Windows\system32;C:\Windows;C:\Windows\System32\Wbem;C:\Windows\System32\WindowsPowerShell\v1.0\;C:\Windows\System32\OpenSSH\;C:\Program Files (x86)\Intel\Intel(R) Management Engine Components\DAL;C:\Program Files\Intel\Intel(R) Management Engine Components\DAL;C:\Program Files (x86)\Intel\Intel(R) Management Engine Components\IPT;C:\Program Files\Intel\Intel(R) Management Engine Components\IPT;C:\Program Files\Intel\WiFi\bin\;C:\Program Files\Common Files\Intel\WirelessCommon\;C:\Program Files\NVIDIA Corporation\NVIDIA NvDLISR;C:\Program Files (x86)\NVIDIA Corporation\PhysX\Common;C:\Program Files\PuTTY\;C:\Javalib\antlr.bat;C:\Javalib\grun.bat;C:\Javalib\Hello.g4;C:\Javalib\Exp.g4;C:\Program Files\Java\jdk-11.0.7\bin;C:\adb\platform-tools;C:\WINDOWS\system32;C:\WINDOWS;C:\WINDOWS\System32\Wbem;C:\WINDOWS\System32\WindowsPowerShell\v1.0\;C:\WINDOWS\System32\OpenSSH\;C:\Program Files\sfdx\bin;C:\Program Files\Microsoft SQL Server\150\Tools\Binn\;C:\Program Files\dotnet\;C:\Program Files\Microsoft SQL Server\130\Tools\Binn\;C:\Program Files\Microsoft SQL Server\Client SDK\ODBC\170\Tools\Binn\;C:\Program Files (x86)\Microsoft SQL Server\150\DTS\Binn\;C:\Program Files\Azure Data Studio\bin;C:\Program Files\Amazon\AWSCLIV2\;C:\WINDOWS\system32;C:\WINDOWS;C:\WINDOWS\System32\Wbem;C:\WINDOWS\System32\WindowsPowerShell\v1.0\;C:\WINDOWS\System32\OpenSSH\;C:\Program Files\Docker\Docker\resources\bin;C:\Users\Guest Mode\AppData\Local\Programs\Python\Python39\Scripts\;C:\Users\Guest Mode\AppData\Local\Programs\Python\Python39\;C:\Program Files\iPod;C:\Users\Guest Mode\AppData\Local\Programs\Microsoft VS Code\bin;C:\Program Files\Java\jdk-11.0.7\bin
JRE paths:	;C:\Program Files\Common Files\Oracle\Java\javapath;C:\Program Files (x86)\Common Files\Oracle\Java\javapath;C:\Javalib;C:\oraclexe\app\oracle\product\11.2.0\server\bin;C:\Program Files (x86)\Intel\Intel(R) Management Engine Components\iCLS\;C:\Program Files\Intel\Intel(R) Management Engine Components\iCLS\;C:\Windows\system32;C:\Windows;C:\Windows\System32\Wbem;C:\Windows\System32\WindowsPowerShell\v1.0\;C:\Windows\System32\OpenSSH\;C:\Program Files (x86)\Intel\Intel(R) Management Engine Components\DAL;C:\Program Files\Intel\Intel(R) Management Engine Components\DAL;C:\Program Files (x86)\Intel\Intel(R) Management Engine Components\IPT;C:\Program Files\Intel\Intel(R) Management Engine Components\IPT;C:\Program Files\Intel\WiFi\bin\;C:\Program Files\Common Files\Intel\WirelessCommon\;C:\Program Files\NVIDIA Corporation\NVIDIA NvDLISR;C:\Program Files (x86)\NVIDIA Corporation\PhysX\Common;C:\Program Files\PuTTY\;C:\Javalib\antlr.bat;C:\Javalib\grun.bat;C:\Javalib\Hello.g4;C:\Javalib\Exp.g4;C:\Program Files\Java\jdk-11.0.7\bin;C:\adb\platform-tools;C:\WINDOWS\system32;C:\WINDOWS;C:\WINDOWS\System32\Wbem;C:\WINDOWS\System32\WindowsPowerShell\v1.0\;C:\WINDOWS\System32\OpenSSH\;C:\Program Files\sfdx\bin;C:\Program Files\Microsoft SQL Server\150\Tools\Binn\;C:\Program Files\dotnet\;C:\Program Files\Microsoft SQL Server\130\Tools\Binn\;C:\Program Files\Microsoft SQL Server\Client SDK\ODBC\170\Tools\Binn\;C:\Program Files (x86)\Microsoft SQL Server\150\DTS\Binn\;C:\Program Files\Azure Data Studio\bin;C:\Program Files\Amazon\AWSCLIV2\;C:\WINDOWS\system32;C:\WINDOWS;C:\WINDOWS\System32\Wbem;C:\WINDOWS\System32\WindowsPowerShell\v1.0\;C:\WINDOWS\System32\OpenSSH\;C:\Program Files\Docker\Docker\resources\bin;C:\Users\Guest Mode\AppData\Local\Programs\Python\Python39\Scripts\;C:\Users\Guest Mode\AppData\Local\Programs\Python\Python39\;C:\Program Files\iPod;C:\Users\Guest Mode\AppData\Local\Programs\Microsoft VS Code\bin;C:\Program Files\Java\jdk-11.0.7\bin
Check launcher:	C:\Program Files\Common Files\Oracle\Java\javapath\bin\javaw.exe (not found)
Check launcher:	C:\Program Files (x86)\Common Files\Oracle\Java\javapath\bin\javaw.exe (not found)
Check launcher:	C:\Javalib\bin\javaw.exe (not found)
Check launcher:	C:\oraclexe\app\oracle\product\11.2.0\server\bin\javaw.exe (not found)
Check launcher:	C:\Program Files (x86)\Intel\Intel(R) Management Engine Components\iCLS\bin\javaw.exe (not found)
Check launcher:	C:\Program Files\Intel\Intel(R) Management Engine Components\iCLS\bin\javaw.exe (not found)
Check launcher:	C:\Windows\system32\bin\javaw.exe (not found)
Check launcher:	C:\Windows\bin\javaw.exe (not found)
Check launcher:	C:\Windows\System32\Wbem\bin\javaw.exe (not found)
Check launcher:	C:\Windows\System32\WindowsPowerShell\v1.0\bin\javaw.exe (not found)
Check launcher:	C:\Windows\System32\OpenSSH\bin\javaw.exe (not found)
Check launcher:	C:\Program Files (x86)\Intel\Intel(R) Management Engine Components\DAL\bin\javaw.exe (not found)
Check launcher:	C:\Program Files\Intel\Intel(R) Management Engine Components\DAL\bin\javaw.exe (not found)
Check launcher:	C:\Program Files (x86)\Intel\Intel(R) Management Engine Components\IPT\bin\javaw.exe (not found)
Check launcher:	C:\Program Files\Intel\Intel(R) Management Engine Components\IPT\bin\javaw.exe (not found)
Check launcher:	C:\Program Files\Intel\WiFi\bin\bin\javaw.exe (not found)
Check launcher:	C:\Program Files\Common Files\Intel\WirelessCommon\bin\javaw.exe (not found)
Check launcher:	C:\Program Files\NVIDIA Corporation\NVIDIA NvDLISR\bin\javaw.exe (not found)
Check launcher:	C:\Program Files (x86)\NVIDIA Corporation\PhysX\Common\bin\javaw.exe (not found)
Check launcher:	C:\Program Files\PuTTY\bin\javaw.exe (not found)
Check launcher:	C:\Javalib\antlr.bat\bin\javaw.exe (not found)
Check launcher:	C:\Javalib\grun.bat\bin\javaw.exe (not found)
Check launcher:	C:\Javalib\Hello.g4\bin\javaw.exe (not found)
Check launcher:	C:\Javalib\Exp.g4\bin\javaw.exe (not found)
Check launcher:	C:\Program Files\Java\jdk-11.0.7\bin\javaw.exe (OK)
Version string: 1.011.000_007 / 64-Bit (Ignore)
Check launcher:	C:\adb\platform-tools\bin\javaw.exe (not found)
Check launcher:	C:\WINDOWS\system32\bin\javaw.exe (not found)
Check launcher:	C:\WINDOWS\bin\javaw.exe (not found)
Check launcher:	C:\WINDOWS\System32\Wbem\bin\javaw.exe (not found)
Check launcher:	C:\WINDOWS\System32\WindowsPowerShell\v1.0\bin\javaw.exe (not found)
Check launcher:	C:\WINDOWS\System32\OpenSSH\bin\javaw.exe (not found)
Check launcher:	C:\Program Files\sfdx\bin\javaw.exe (not found)
Check launcher:	C:\Program Files\Microsoft SQL Server\150\Tools\Binn\bin\javaw.exe (not found)
Check launcher:	C:\Program Files\dotnet\bin\javaw.exe (not found)
Check launcher:	C:\Program Files\Microsoft SQL Server\130\Tools\Binn\bin\javaw.exe (not found)
Check launcher:	C:\Program Files\Microsoft SQL Server\Client SDK\ODBC\170\Tools\Binn\bin\javaw.exe (not found)
Check launcher:	C:\Program Files (x86)\Microsoft SQL Server\150\DTS\Binn\bin\javaw.exe (not found)
Check launcher:	C:\Program Files\Azure Data Studio\bin\javaw.exe (not found)
Check launcher:	C:\Program Files\Amazon\AWSCLIV2\bin\javaw.exe (not found)
Check launcher:	C:\WINDOWS\system32\bin\javaw.exe (not found)
Check launcher:	C:\WINDOWS\bin\javaw.exe (not found)
Check launcher:	C:\WINDOWS\System32\Wbem\bin\javaw.exe (not found)
Check launcher:	C:\WINDOWS\System32\WindowsPowerShell\v1.0\bin\javaw.exe (not found)
Check launcher:	C:\WINDOWS\System32\OpenSSH\bin\javaw.exe (not found)
Check launcher:	C:\Program Files\Docker\Docker\resources\bin\javaw.exe (not found)
Check launcher:	C:\Users\Guest Mode\AppData\Local\Programs\Python\Python39\Scripts\bin\javaw.exe (not found)
Check launcher:	C:\Users\Guest Mode\AppData\Local\Programs\Python\Python39\bin\javaw.exe (not found)
Check launcher:	C:\Program Files\iPod\bin\javaw.exe (not found)
Check launcher:	C:\Users\Guest Mode\AppData\Local\Programs\Microsoft VS Code\bin\javaw.exe (not found)
Check launcher:	C:\Program Files\Java\jdk-11.0.7\bin\javaw.exe (OK)
Version string: 1.011.000_007 / 64-Bit (Ignore)
64-bit search:	SOFTWARE\JavaSoft\Java Runtime Environment...
Check:		SOFTWARE\JavaSoft\Java Runtime Environment\1.8
Version string: 1.008.000 / 64-Bit (Ignore)
Ignore:		1.008.000
Check:		SOFTWARE\JavaSoft\Java Runtime Environment\1.8.0_351
Version string: 1.008.000_351 / 64-Bit (Ignore)
Ignore:		1.008.000_351
64-bit search:	SOFTWARE\JavaSoft\Java Development Kit...
64-bit search:	SOFTWARE\JavaSoft\JRE...
64-bit search:	SOFTWARE\JavaSoft\JDK...
Check:		SOFTWARE\JavaSoft\JDK\18
Version string: 1.018.000 / 64-Bit (Ignore)
Ignore:		1.018.000
64-bit search:	SOFTWARE\IBM\Java Runtime Environment...
64-bit search:	SOFTWARE\IBM\Java Development Kit...
64-bit search:	SOFTWARE\IBM\Java2 Runtime Environment...
64-bit search:	SOFTWARE\IBM\Java Development Kit...
Error msg:	This application requires a Java Runtime Environment 1.0 - 5.0 (64-bit)


Version:	3.50
CmdLine:	C:\Users\Guest Mode\Desktop\LookingTel.exe --l4j-debug
JNI:		No
WOW64:		Yes
Create mutex:	LookingTel
Working dir:	C:\Users\Guest Mode\Desktop\.
Requires JDK:	No
Requires 64-Bit: Yes
Java min ver:	1.017.000
Java max ver:	
Substitute:	JAVA_HOME = 
Substitute:	PATH = C:\Program Files\Common Files\Oracle\Java\javapath;C:\Program Files (x86)\Common Files\Oracle\Java\javapath;C:\Javalib;C:\oraclexe\app\oracle\product\11.2.0\server\bin;C:\Program Files (x86)\Intel\Intel(R) Management Engine Components\iCLS\;C:\Program Files\Intel\Intel(R) Management Engine Components\iCLS\;C:\Windows\system32;C:\Windows;C:\Windows\System32\Wbem;C:\Windows\System32\WindowsPowerShell\v1.0\;C:\Windows\System32\OpenSSH\;C:\Program Files (x86)\Intel\Intel(R) Management Engine Components\DAL;C:\Program Files\Intel\Intel(R) Management Engine Components\DAL;C:\Program Files (x86)\Intel\Intel(R) Management Engine Components\IPT;C:\Program Files\Intel\Intel(R) Management Engine Components\IPT;C:\Program Files\Intel\WiFi\bin\;C:\Program Files\Common Files\Intel\WirelessCommon\;C:\Program Files\NVIDIA Corporation\NVIDIA NvDLISR;C:\Program Files (x86)\NVIDIA Corporation\PhysX\Common;C:\Program Files\PuTTY\;C:\Javalib\antlr.bat;C:\Javalib\grun.bat;C:\Javalib\Hello.g4;C:\Javalib\Exp.g4;C:\Program Files\Java\jdk-11.0.7\bin;C:\adb\platform-tools;C:\WINDOWS\system32;C:\WINDOWS;C:\WINDOWS\System32\Wbem;C:\WINDOWS\System32\WindowsPowerShell\v1.0\;C:\WINDOWS\System32\OpenSSH\;C:\Program Files\sfdx\bin;C:\Program Files\Microsoft SQL Server\150\Tools\Binn\;C:\Program Files\dotnet\;C:\Program Files\Microsoft SQL Server\130\Tools\Binn\;C:\Program Files\Microsoft SQL Server\Client SDK\ODBC\170\Tools\Binn\;C:\Program Files (x86)\Microsoft SQL Server\150\DTS\Binn\;C:\Program Files\Azure Data Studio\bin;C:\Program Files\Amazon\AWSCLIV2\;C:\WINDOWS\system32;C:\WINDOWS;C:\WINDOWS\System32\Wbem;C:\WINDOWS\System32\WindowsPowerShell\v1.0\;C:\WINDOWS\System32\OpenSSH\;C:\Program Files\Docker\Docker\resources\bin;C:\Users\Guest Mode\AppData\Local\Programs\Python\Python39\Scripts\;C:\Users\Guest Mode\AppData\Local\Programs\Python\Python39\;C:\Program Files\iPod;C:\Users\Guest Mode\AppData\Local\Programs\Microsoft VS Code\bin;C:\Program Files\Java\jdk-11.0.7\bin
JRE paths:	;C:\Program Files\Common Files\Oracle\Java\javapath;C:\Program Files (x86)\Common Files\Oracle\Java\javapath;C:\Javalib;C:\oraclexe\app\oracle\product\11.2.0\server\bin;C:\Program Files (x86)\Intel\Intel(R) Management Engine Components\iCLS\;C:\Program Files\Intel\Intel(R) Management Engine Components\iCLS\;C:\Windows\system32;C:\Windows;C:\Windows\System32\Wbem;C:\Windows\System32\WindowsPowerShell\v1.0\;C:\Windows\System32\OpenSSH\;C:\Program Files (x86)\Intel\Intel(R) Management Engine Components\DAL;C:\Program Files\Intel\Intel(R) Management Engine Components\DAL;C:\Program Files (x86)\Intel\Intel(R) Management Engine Components\IPT;C:\Program Files\Intel\Intel(R) Management Engine Components\IPT;C:\Program Files\Intel\WiFi\bin\;C:\Program Files\Common Files\Intel\WirelessCommon\;C:\Program Files\NVIDIA Corporation\NVIDIA NvDLISR;C:\Program Files (x86)\NVIDIA Corporation\PhysX\Common;C:\Program Files\PuTTY\;C:\Javalib\antlr.bat;C:\Javalib\grun.bat;C:\Javalib\Hello.g4;C:\Javalib\Exp.g4;C:\Program Files\Java\jdk-11.0.7\bin;C:\adb\platform-tools;C:\WINDOWS\system32;C:\WINDOWS;C:\WINDOWS\System32\Wbem;C:\WINDOWS\System32\WindowsPowerShell\v1.0\;C:\WINDOWS\System32\OpenSSH\;C:\Program Files\sfdx\bin;C:\Program Files\Microsoft SQL Server\150\Tools\Binn\;C:\Program Files\dotnet\;C:\Program Files\Microsoft SQL Server\130\Tools\Binn\;C:\Program Files\Microsoft SQL Server\Client SDK\ODBC\170\Tools\Binn\;C:\Program Files (x86)\Microsoft SQL Server\150\DTS\Binn\;C:\Program Files\Azure Data Studio\bin;C:\Program Files\Amazon\AWSCLIV2\;C:\WINDOWS\system32;C:\WINDOWS;C:\WINDOWS\System32\Wbem;C:\WINDOWS\System32\WindowsPowerShell\v1.0\;C:\WINDOWS\System32\OpenSSH\;C:\Program Files\Docker\Docker\resources\bin;C:\Users\Guest Mode\AppData\Local\Programs\Python\Python39\Scripts\;C:\Users\Guest Mode\AppData\Local\Programs\Python\Python39\;C:\Program Files\iPod;C:\Users\Guest Mode\AppData\Local\Programs\Microsoft VS Code\bin;C:\Program Files\Java\jdk-11.0.7\bin
Check launcher:	C:\Program Files\Common Files\Oracle\Java\javapath\bin\javaw.exe (not found)
Check launcher:	C:\Program Files (x86)\Common Files\Oracle\Java\javapath\bin\javaw.exe (not found)
Check launcher:	C:\Javalib\bin\javaw.exe (not found)
Check launcher:	C:\oraclexe\app\oracle\product\11.2.0\server\bin\javaw.exe (not found)
Check launcher:	C:\Program Files (x86)\Intel\Intel(R) Management Engine Components\iCLS\bin\javaw.exe (not found)
Check launcher:	C:\Program Files\Intel\Intel(R) Management Engine Components\iCLS\bin\javaw.exe (not found)
Check launcher:	C:\Windows\system32\bin\javaw.exe (not found)
Check launcher:	C:\Windows\bin\javaw.exe (not found)
Check launcher:	C:\Windows\System32\Wbem\bin\javaw.exe (not found)
Check launcher:	C:\Windows\System32\WindowsPowerShell\v1.0\bin\javaw.exe (not found)
Check launcher:	C:\Windows\System32\OpenSSH\bin\javaw.exe (not found)
Check launcher:	C:\Program Files (x86)\Intel\Intel(R) Management Engine Components\DAL\bin\javaw.exe (not found)
Check launcher:	C:\Program Files\Intel\Intel(R) Management Engine Components\DAL\bin\javaw.exe (not found)
Check launcher:	C:\Program Files (x86)\Intel\Intel(R) Management Engine Components\IPT\bin\javaw.exe (not found)
Check launcher:	C:\Program Files\Intel\Intel(R) Management Engine Components\IPT\bin\javaw.exe (not found)
Check launcher:	C:\Program Files\Intel\WiFi\bin\bin\javaw.exe (not found)
Check launcher:	C:\Program Files\Common Files\Intel\WirelessCommon\bin\javaw.exe (not found)
Check launcher:	C:\Program Files\NVIDIA Corporation\NVIDIA NvDLISR\bin\javaw.exe (not found)
Check launcher:	C:\Program Files (x86)\NVIDIA Corporation\PhysX\Common\bin\javaw.exe (not found)
Check launcher:	C:\Program Files\PuTTY\bin\javaw.exe (not found)
Check launcher:	C:\Javalib\antlr.bat\bin\javaw.exe (not found)
Check launcher:	C:\Javalib\grun.bat\bin\javaw.exe (not found)
Check launcher:	C:\Javalib\Hello.g4\bin\javaw.exe (not found)
Check launcher:	C:\Javalib\Exp.g4\bin\javaw.exe (not found)
Check launcher:	C:\Program Files\Java\jdk-11.0.7\bin\javaw.exe (OK)
Version string: 1.011.000_007 / 64-Bit (Ignore)
Check launcher:	C:\adb\platform-tools\bin\javaw.exe (not found)
Check launcher:	C:\WINDOWS\system32\bin\javaw.exe (not found)
Check launcher:	C:\WINDOWS\bin\javaw.exe (not found)
Check launcher:	C:\WINDOWS\System32\Wbem\bin\javaw.exe (not found)
Check launcher:	C:\WINDOWS\System32\WindowsPowerShell\v1.0\bin\javaw.exe (not found)
Check launcher:	C:\WINDOWS\System32\OpenSSH\bin\javaw.exe (not found)
Check launcher:	C:\Program Files\sfdx\bin\javaw.exe (not found)
Check launcher:	C:\Program Files\Microsoft SQL Server\150\Tools\Binn\bin\javaw.exe (not found)
Check launcher:	C:\Program Files\dotnet\bin\javaw.exe (not found)
Check launcher:	C:\Program Files\Microsoft SQL Server\130\Tools\Binn\bin\javaw.exe (not found)
Check launcher:	C:\Program Files\Microsoft SQL Server\Client SDK\ODBC\170\Tools\Binn\bin\javaw.exe (not found)
Check launcher:	C:\Program Files (x86)\Microsoft SQL Server\150\DTS\Binn\bin\javaw.exe (not found)
Check launcher:	C:\Program Files\Azure Data Studio\bin\javaw.exe (not found)
Check launcher:	C:\Program Files\Amazon\AWSCLIV2\bin\javaw.exe (not found)
Check launcher:	C:\WINDOWS\system32\bin\javaw.exe (not found)
Check launcher:	C:\WINDOWS\bin\javaw.exe (not found)
Check launcher:	C:\WINDOWS\System32\Wbem\bin\javaw.exe (not found)
Check launcher:	C:\WINDOWS\System32\WindowsPowerShell\v1.0\bin\javaw.exe (not found)
Check launcher:	C:\WINDOWS\System32\OpenSSH\bin\javaw.exe (not found)
Check launcher:	C:\Program Files\Docker\Docker\resources\bin\javaw.exe (not found)
Check launcher:	C:\Users\Guest Mode\AppData\Local\Programs\Python\Python39\Scripts\bin\javaw.exe (not found)
Check launcher:	C:\Users\Guest Mode\AppData\Local\Programs\Python\Python39\bin\javaw.exe (not found)
Check launcher:	C:\Program Files\iPod\bin\javaw.exe (not found)
Check launcher:	C:\Users\Guest Mode\AppData\Local\Programs\Microsoft VS Code\bin\javaw.exe (not found)
Check launcher:	C:\Program Files\Java\jdk-11.0.7\bin\javaw.exe (OK)
Version string: 1.011.000_007 / 64-Bit (Ignore)
64-bit search:	SOFTWARE\JavaSoft\Java Runtime Environment...
Check:		SOFTWARE\JavaSoft\Java Runtime Environment\1.8
Version string: 1.008.000 / 64-Bit (Ignore)
Ignore:		1.008.000
Check:		SOFTWARE\JavaSoft\Java Runtime Environment\1.8.0_351
Version string: 1.008.000_351 / 64-Bit (Ignore)
Ignore:		1.008.000_351
64-bit search:	SOFTWARE\JavaSoft\Java Development Kit...
64-bit search:	SOFTWARE\JavaSoft\JRE...
64-bit search:	SOFTWARE\JavaSoft\JDK...
Check:		SOFTWARE\JavaSoft\JDK\18
Version string: 1.018.000 / 64-Bit (OK)
Check launcher:	C:\Program Files\Java\jdk-18\bin\javaw.exe (OK)
Match:		1.018.000
Runtime used:	1.018.000 (64-bit)
Heap -Xms:	Requested 256 MB / 0%, Available: 6863 MB, Heap size: 256 MB
Heap -Xmx:	Requested 1024 MB / 0%, Available: 6863 MB, Heap size: 1024 MB
Main class:	its.lookingtel.LOADING_SCREEN
Info:		Classpath not defined.
Launcher:	C:\Program Files\Java\jdk-18\bin\javaw.exe
Launcher args:	-Xms256m -Xmx1024m -classpath "C:\Users\Guest Mode\Desktop\LookingTel.exe" its.lookingtel.LOADING_SCREEN
Args length:	104/32768 chars
Exit code:	0
